0.053787 64
2.949180 1
0.123173 1
0.138304 1
0.236663 19
0.000265 64
2.681121 1
0.103002 1
1.313360 2
0.001834 256
0.000239 64
1.050540 1
0.102528 1
0.127865 1
0.346326 2
0.011608 45
0.000409 64
0.808450 1
0.103756 1
0.122327 1
2.113068 4
0.244654 4
0.143104 4
0.093890 1
0.160763 1
2.111921 1
0.191341 1
0.111039 1
1.364590 4
0.134586 4
0.116108 4
0.167585 1
0.334557 1
0.251123 1
1.016975 4
0.158886 4
0.359728 1
0.133571 1
1.359689 2
0.082612 23
0.005826 64
2.612112 1
0.150091 1
0.106763 1
0.644522 1
0.481002 1
0.150219 1
0.534615 4
0.154060 4
0.323033 4
0.366257 1
0.125359 1
0.186318 1
0.391917 4
0.357692 4
0.156263 1
0.170599 159
3.517033 1
0.205288 1
0.071416 1
0.124311 1
0.794598 4
0.130847 2
0.228845 1
0.323988 2
0.010394 5
0.000240 64
5.095116 1
0.099752 1
0.228671 2
0.012997 121
0.000484 64
2.559398 2
0.000216 64
0.201017 2
0.000197 64
3.199626 1
0.092493 1
0.121192 1
0.229790 5
1.001971 92
0.000223 64
8.576292 1
0.095466 1
0.201150 1
0.449656 1
0.224197 1
0.157814 1
0.084238 1
0.218163 1
0.243789 1
0.760417 1
0.336049 1
0.299733 2
0.002073 237
0.000383 64
2.410372 1
0.209443 1
0.141023 1
0.176678 1
1.081959 8
